<?xml version="1.0" encoding="UTF-8"?>
<testsuite name="T-SQL Analysis - dbo.ProcessPayment" timestamp="2025-11-21T09:55:39.196854" tests="5" failures="4" errors="0" skipped="0" time="0.1"><testcase classname="T-SQL Analysis.Security" name="SecurityScore" time="0.01"><failure message="Security score 55 is below threshold 70" type="SecurityViolation">Security analysis found critical issues:
[HIGH] Dynamic SQL with string concatenation detected
[MEDIUM] Parameter values concatenated into SQL string</failure></testcase><testcase classname="T-SQL Analysis.Security" name="SQLInjectionRisks" time="0.01"><failure message="Found 1 HIGH severity SQL injection risks" type="SQLInjection">- Dynamic SQL with string concatenation detected</failure></testcase><testcase classname="T-SQL Analysis.Quality" name="QualityScore" time="0.01" /><testcase classname="T-SQL Analysis.Quality" name="ErrorHandling" time="0.01"><failure message="No TRY-CATCH block found" type="MissingErrorHandling">Stored procedure lacks error handling. Add TRY-CATCH blocks.</failure></testcase><testcase classname="T-SQL Analysis.Performance" name="PerformanceScore" time="0.01"><failure message="Performance score 60 is below threshold 70" type="PerformanceIssue">- Cursor Usage Detected</failure></testcase></testsuite>